2016-02-06 22:33:26 INFO  LogHelper:46 - HHH000204: Processing PersistenceUnitInfo [
	name: default
	...]
2016-02-06 22:33:26 INFO  Version:54 - HHH000412: Hibernate Core {4.3.5.Final}
2016-02-06 22:33:26 INFO  Environment:239 - HHH000206: hibernate.properties not found
2016-02-06 22:33:26 INFO  Environment:346 - HHH000021: Bytecode provider name : javassist
2016-02-06 22:33:26 INFO  Version:66 - HCANN000001: Hibernate Commons Annotations {4.0.4.Final}
2016-02-06 22:33:29 INFO  Dialect:145 - HHH000400: Using dialect: org.hibernate.dialect.MySQLDialect
2016-02-06 22:33:29 INFO  LobCreatorBuilder:97 - HHH000423: Disabling contextual LOB creation as JDBC driver reported JDBC version [3] less than 4
2016-02-06 22:33:29 INFO  ASTQueryTranslatorFactory:47 - HHH000397: Using ASTQueryTranslatorFactory
2016-02-06 22:33:29 INFO  Version:27 - HV000001: Hibernate Validator 5.1.3.Final
2016-02-06 22:33:29 INFO  SchemaExport:343 - HHH000227: Running hbm2ddl schema export
2016-02-06 22:33:31 INFO  SchemaExport:405 - HHH000230: Schema export complete
2016-02-06 22:35:09 INFO  UserController:21 - login() -  start
2016-02-06 22:35:09 INFO  UserController:25 - login() - end
2016-02-06 22:35:19 INFO  UserController:31 - performLogin() -  start
2016-02-06 22:35:19 INFO  UserController:40 - performLogin() - end
2016-02-06 22:43:03 INFO  LogHelper:46 - HHH000204: Processing PersistenceUnitInfo [
	name: default
	...]
2016-02-06 22:43:03 INFO  Version:54 - HHH000412: Hibernate Core {4.3.5.Final}
2016-02-06 22:43:03 INFO  Environment:239 - HHH000206: hibernate.properties not found
2016-02-06 22:43:03 INFO  Environment:346 - HHH000021: Bytecode provider name : javassist
2016-02-06 22:43:03 INFO  Version:66 - HCANN000001: Hibernate Commons Annotations {4.0.4.Final}
2016-02-06 22:43:04 INFO  Dialect:145 - HHH000400: Using dialect: org.hibernate.dialect.MySQLDialect
2016-02-06 22:43:04 INFO  LobCreatorBuilder:97 - HHH000423: Disabling contextual LOB creation as JDBC driver reported JDBC version [3] less than 4
2016-02-06 22:43:04 INFO  ASTQueryTranslatorFactory:47 - HHH000397: Using ASTQueryTranslatorFactory
2016-02-06 22:43:04 INFO  Version:27 - HV000001: Hibernate Validator 5.1.3.Final
2016-02-06 22:43:04 INFO  SchemaExport:343 - HHH000227: Running hbm2ddl schema export
2016-02-06 22:43:05 INFO  SchemaExport:405 - HHH000230: Schema export complete
2016-02-06 22:43:15 INFO  UserController:32 - performLogin() -  start
2016-02-06 22:43:15 INFO  UserController:41 - performLogin() - end
2016-02-07 00:00:50 INFO  LogHelper:46 - HHH000204: Processing PersistenceUnitInfo [
	name: default
	...]
2016-02-07 00:00:50 INFO  Version:54 - HHH000412: Hibernate Core {4.3.5.Final}
2016-02-07 00:00:50 INFO  Environment:239 - HHH000206: hibernate.properties not found
2016-02-07 00:00:50 INFO  Environment:346 - HHH000021: Bytecode provider name : javassist
2016-02-07 00:00:50 INFO  Version:66 - HCANN000001: Hibernate Commons Annotations {4.0.4.Final}
2016-02-07 00:00:51 INFO  Dialect:145 - HHH000400: Using dialect: org.hibernate.dialect.MySQLDialect
2016-02-07 00:00:51 INFO  LobCreatorBuilder:97 - HHH000423: Disabling contextual LOB creation as JDBC driver reported JDBC version [3] less than 4
2016-02-07 00:00:51 INFO  ASTQueryTranslatorFactory:47 - HHH000397: Using ASTQueryTranslatorFactory
2016-02-07 00:00:51 INFO  Version:27 - HV000001: Hibernate Validator 5.1.3.Final
2016-02-07 00:00:52 INFO  SchemaExport:343 - HHH000227: Running hbm2ddl schema export
2016-02-07 00:00:53 INFO  SchemaExport:405 - HHH000230: Schema export complete
2016-02-07 00:00:54 INFO  PatientController:18 - showPatientRegistration() -  start
2016-02-07 00:00:54 INFO  PatientController:22 - showPatientRegistration() - end
2016-02-07 00:02:15 INFO  PatientController:18 - showPatientRegistration() -  start
2016-02-07 00:02:15 INFO  PatientController:22 - showPatientRegistration() - end
2016-02-07 00:03:03 INFO  PatientController:18 - showPatientRegistration() -  start
2016-02-07 00:03:03 INFO  PatientController:22 - showPatientRegistration() - end
2016-02-07 00:03:06 INFO  PatientController:18 - showPatientRegistration() -  start
2016-02-07 00:03:06 INFO  PatientController:22 - showPatientRegistration() - end
2016-02-07 00:17:35 INFO  LogHelper:46 - HHH000204: Processing PersistenceUnitInfo [
	name: default
	...]
2016-02-07 00:17:35 INFO  Version:54 - HHH000412: Hibernate Core {4.3.5.Final}
2016-02-07 00:17:35 INFO  Environment:239 - HHH000206: hibernate.properties not found
2016-02-07 00:17:35 INFO  Environment:346 - HHH000021: Bytecode provider name : javassist
2016-02-07 00:17:35 INFO  Version:66 - HCANN000001: Hibernate Commons Annotations {4.0.4.Final}
2016-02-07 00:17:36 INFO  Dialect:145 - HHH000400: Using dialect: org.hibernate.dialect.MySQLDialect
2016-02-07 00:17:36 INFO  LobCreatorBuilder:97 - HHH000423: Disabling contextual LOB creation as JDBC driver reported JDBC version [3] less than 4
2016-02-07 00:17:36 INFO  ASTQueryTranslatorFactory:47 - HHH000397: Using ASTQueryTranslatorFactory
2016-02-07 00:17:36 INFO  Version:27 - HV000001: Hibernate Validator 5.1.3.Final
2016-02-07 00:17:36 INFO  SchemaExport:343 - HHH000227: Running hbm2ddl schema export
2016-02-07 00:17:37 INFO  SchemaExport:405 - HHH000230: Schema export complete
2016-02-07 00:21:43 INFO  DoctorController:18 - showDoctorRegistration() -  start
2016-02-07 00:21:43 INFO  DoctorController:22 - showDoctorRegistration() - end
2016-02-07 00:23:33 INFO  DoctorController:18 - showDoctorRegistration() -  start
2016-02-07 00:23:33 INFO  DoctorController:22 - showDoctorRegistration() - end
